0 info it worked if it ends with ok
1 verbose cli [ '/usr/local/bin/node', '/usr/local/bin/npm', 'publish' ]
2 info using npm@3.3.12
3 info using node@v5.4.0
4 verbose publish [ '.' ]
5 silly cache add args [ '.', null ]
6 verbose cache add spec .
7 silly cache add parsed spec Result {
7 silly cache add   raw: '.',
7 silly cache add   scope: null,
7 silly cache add   name: null,
7 silly cache add   rawSpec: '.',
7 silly cache add   spec: '/Users/steven/source/tunk/tunk-react',
7 silly cache add   type: 'directory' }
8 verbose addLocalDirectory /Users/steven/.npm/tunk-react/1.2.2/package.tgz not in flight; packing
9 info lifecycle tunk-react@1.2.2~prepublish: tunk-react@1.2.2
10 silly lifecycle tunk-react@1.2.2~prepublish: no script for prepublish, continuing
11 verbose tar pack [ '/Users/steven/.npm/tunk-react/1.2.2/package.tgz',
11 verbose tar pack   '/Users/steven/source/tunk/tunk-react' ]
12 verbose tarball /Users/steven/.npm/tunk-react/1.2.2/package.tgz
13 verbose folder /Users/steven/source/tunk/tunk-react
14 verbose addLocalTarball adding from inside cache /Users/steven/.npm/tunk-react/1.2.2/package.tgz
15 silly cache afterAdd tunk-react@1.2.2
16 verbose afterAdd /Users/steven/.npm/tunk-react/1.2.2/package/package.json not in flight; writing
17 verbose afterAdd /Users/steven/.npm/tunk-react/1.2.2/package/package.json written
18 silly publish { name: 'tunk-react',
18 silly publish   version: '1.2.2',
18 silly publish   description: 'React bindings for tunk.',
18 silly publish   main: 'tunk-react.js',
18 silly publish   author: { name: 'steven chen', email: '522702986@qq.com' },
18 silly publish   license: 'MIT',
18 silly publish   scripts: { test: 'echo "Error: no test specified" && exit 1' },
18 silly publish   readme: '# tunk-react\n\nReact bindings for tunk.\n',
18 silly publish   readmeFilename: 'README.md',
18 silly publish   gitHead: 'c72daae277c050683846e12c9ae5a02c5155b710',
18 silly publish   _id: 'tunk-react@1.2.2',
18 silly publish   _shasum: 'd700762aaa45e636d4ce83726a4d1c9bf095aaff',
18 silly publish   _from: '.' }
19 verbose getPublishConfig undefined
20 silly mapToRegistry name tunk-react
21 silly mapToRegistry using default registry
22 silly mapToRegistry registry https://registry.npmjs.org/
23 silly mapToRegistry uri https://registry.npmjs.org/tunk-react
24 verbose publish registryBase https://registry.npmjs.org/
25 silly publish uploading /Users/steven/.npm/tunk-react/1.2.2/package.tgz
26 verbose request uri https://registry.npmjs.org/tunk-react
27 verbose request sending authorization for write operation
28 info attempt registry request try #1 at 9:51:30 AM
29 verbose request using bearer token for auth
30 verbose request id 060dd2b5d564b48f
31 http request PUT https://registry.npmjs.org/tunk-react
32 http 403 https://registry.npmjs.org/tunk-react
33 verbose headers { 'content-type': 'application/json',
33 verbose headers   'cache-control': 'max-age=300',
33 verbose headers   'content-length': '95',
33 verbose headers   'accept-ranges': 'bytes',
33 verbose headers   date: 'Fri, 09 Sep 2016 01:52:05 GMT',
33 verbose headers   via: '1.1 varnish',
33 verbose headers   connection: 'keep-alive',
33 verbose headers   'x-served-by': 'cache-lcy1131-LCY',
33 verbose headers   'x-cache': 'MISS',
33 verbose headers   'x-cache-hits': '0',
33 verbose headers   'x-timer': 'S1473385924.524348,VS0,VE787',
33 verbose headers   vary: 'Accept-Encoding' }
34 verbose request invalidating /Users/steven/.npm/registry.npmjs.org/tunk-react on PUT
35 error publish Failed PUT 403
36 verbose stack Error: "You cannot publish over the previously published version 1.2.2." : tunk-react
36 verbose stack     at makeError (/usr/local/lib/node_modules/npm/node_modules/npm-registry-client/lib/request.js:264:12)
36 verbose stack     at CachingRegistryClient.<anonymous> (/usr/local/lib/node_modules/npm/node_modules/npm-registry-client/lib/request.js:252:14)
36 verbose stack     at Request._callback (/usr/local/lib/node_modules/npm/node_modules/npm-registry-client/lib/request.js:172:14)
36 verbose stack     at Request.self.callback (/usr/local/lib/node_modules/npm/node_modules/request/request.js:198:22)
36 verbose stack     at emitTwo (events.js:87:13)
36 verbose stack     at Request.emit (events.js:172:7)
36 verbose stack     at Request.<anonymous> (/usr/local/lib/node_modules/npm/node_modules/request/request.js:1082:10)
36 verbose stack     at emitOne (events.js:82:20)
36 verbose stack     at Request.emit (events.js:169:7)
36 verbose stack     at IncomingMessage.<anonymous> (/usr/local/lib/node_modules/npm/node_modules/request/request.js:1009:12)
37 verbose statusCode 403
38 verbose pkgid tunk-react
39 verbose cwd /Users/steven/source/tunk/tunk-react
40 error Darwin 15.3.0
41 error argv "/usr/local/bin/node" "/usr/local/bin/npm" "publish"
42 error node v5.4.0
43 error npm  v3.3.12
44 error code E403
45 error "You cannot publish over the previously published version 1.2.2." : tunk-react
46 error If you need help, you may report this error at:
46 error     <https://github.com/npm/npm/issues>
47 verbose exit [ 1, true ]
